<?xml version="1.0" encoding="UTF-8"?>
<!-- Generated by org.testng.reporters.JUnitReportReporter -->
<testsuite skipped="0" hostname="LAPTOP-N0G0NBDP" name="devdemo.Createemail" tests="1" failures="0" timestamp="24 Jul 2020 15:59:29 GMT" time="0.011" errors="0">
  <testcase name="create" time="0.011" classname="devdemo.Createemail"/>
</testsuite> <!-- devdemo.Createemail -->
