<?xml version="1.0" encoding="UTF-8"?>
<!-- Generated by org.testng.reporters.JUnitReportReporter -->
<testsuite skipped="0" hostname="LAPTOP-N0G0NBDP" name="devdemo.DeleteEmail" tests="1" failures="0" timestamp="24 Jul 2020 15:59:29 GMT" time="0.003" errors="0">
  <testcase name="delete" time="0.003" classname="devdemo.DeleteEmail"/>
</testsuite> <!-- devdemo.DeleteEmail -->
