<?xml version="1.0" encoding="UTF-8"?>
<!-- Generated by org.testng.reporters.JUnitReportReporter -->
<testsuite skipped="0" hostname="LAPTOP-N0G0NBDP" name="devdemo.DeleteEmail" tests="1" failures="0" timestamp="16 May 2020 17:40:32 GMT" time="0.002" errors="0">
  <testcase name="delete" time="0.002" classname="devdemo.DeleteEmail"/>
</testsuite> <!-- devdemo.DeleteEmail -->
