<?xml version="1.0" encoding="UTF-8"?>
<!-- Generated by org.testng.reporters.JUnitReportReporter -->
<testsuite skipped="0" hostname="LAPTOP-N0G0NBDP" name="devdemo.Login" tests="1" failures="0" timestamp="24 Jul 2020 15:59:29 GMT" time="11.403" errors="0">
  <testcase name="loginmethod" time="11.403" classname="devdemo.Login"/>
</testsuite> <!-- devdemo.Login -->
